{"timestamp":"2025-04-02 06:44:24", "level":"INFO", "logger":"com.example.demo.DemoApplication", "message":"Starting DemoApplication using Java 17.0.13 with PID 2187 (/projects/my-dir/build/classes/java/main started by mde-user in /projects/my-dir)"}
{"timestamp":"2025-04-02 06:44:24", "level":"INFO", "logger":"com.example.demo.DemoApplication", "message":"No active profile set, falling back to 1 default profile: "default""}
{"timestamp":"2025-04-02 06:44:24", "level":"INFO", "logger":"org.springframework.data.repository.config.RepositoryConfigurationDelegate", "message":"Bootstrapping Spring Data JPA repositories in DEFAULT mode."}
{"timestamp":"2025-04-02 06:44:24", "level":"INFO", "logger":"org.springframework.data.repository.config.RepositoryConfigurationDelegate", "message":"Finished Spring Data repository scanning in 8 ms. Found 0 JPA repository interfaces."}
{"timestamp":"2025-04-02 06:44:25", "level":"INFO", "logger":"org.springframework.boot.web.embedded.tomcat.TomcatWebServer", "message":"Tomcat initialized with port 9191 (http)"}
{"timestamp":"2025-04-02 06:44:25", "level":"INFO", "logger":"org.apache.coyote.http11.Http11NioProtocol", "message":"Initializing ProtocolHandler ["http-nio-9191"]"}
{"timestamp":"2025-04-02 06:44:25", "level":"INFO", "logger":"org.apache.catalina.core.StandardService", "message":"Starting service [Tomcat]"}
{"timestamp":"2025-04-02 06:44:25", "level":"INFO", "logger":"org.apache.catalina.core.StandardEngine", "message":"Starting Servlet engine: [Apache Tomcat/10.1.36]"}
{"timestamp":"2025-04-02 06:44:25", "level":"INFO", "logger":"org.apache.catalina.core.ContainerBase.[Tomcat].[localhost].[/]", "message":"Initializing Spring embedded WebApplicationContext"}
{"timestamp":"2025-04-02 06:44:25", "level":"INFO", "logger":"org.springframework.boot.web.servlet.context.ServletWebServerApplicationContext", "message":"Root WebApplicationContext: initialization completed in 1230 ms"}
{"timestamp":"2025-04-02 06:44:25", "level":"INFO", "logger":"org.hibernate.jpa.internal.util.LogHelper", "message":"HHH000204: Processing PersistenceUnitInfo [name: default]"}
{"timestamp":"2025-04-02 06:44:25", "level":"INFO", "logger":"org.hibernate.Version", "message":"HHH000412: Hibernate ORM core version 6.6.8.Final"}
{"timestamp":"2025-04-02 06:44:25", "level":"INFO", "logger":"org.hibernate.cache.internal.RegionFactoryInitiator", "message":"HHH000026: Second-level cache disabled"}
{"timestamp":"2025-04-02 06:44:26", "level":"INFO", "logger":"org.springframework.orm.jpa.persistenceunit.SpringPersistenceUnitInfo", "message":"No LoadTimeWeaver setup: ignoring JPA class transformer"}
{"timestamp":"2025-04-02 06:44:26", "level":"INFO", "logger":"com.zaxxer.hikari.HikariDataSource", "message":"HikariPool-1 - Starting..."}
{"timestamp":"2025-04-02 06:44:26", "level":"INFO", "logger":"com.zaxxer.hikari.pool.HikariPool", "message":"HikariPool-1 - Added connection conn0: url=jdbc:h2:mem:testdb user=SA"}
{"timestamp":"2025-04-02 06:44:26", "level":"INFO", "logger":"com.zaxxer.hikari.HikariDataSource", "message":"HikariPool-1 - Start completed."}
{"timestamp":"2025-04-02 06:44:26", "level":"INFO", "logger":"org.hibernate.orm.connections.pooling", "message":"HHH10001005: Database info:
	Database JDBC URL [Connecting through datasource 'HikariDataSource (HikariPool-1)']
	Database driver: undefined/unknown
	Database version: 2.3.232
	Autocommit mode: undefined/unknown
	Isolation level: undefined/unknown
	Minimum pool size: undefined/unknown
	Maximum pool size: undefined/unknown"}
{"timestamp":"2025-04-02 06:44:26", "level":"INFO", "logger":"org.hibernate.engine.transaction.jta.platform.internal.JtaPlatformInitiator", "message":"HHH000489: No JTA platform available (set 'hibernate.transaction.jta.platform' to enable JTA platform integration)"}
{"timestamp":"2025-04-02 06:44:26", "level":"INFO", "logger":"org.springframework.orm.jpa.LocalContainerEntityManagerFactoryBean", "message":"Initialized JPA EntityManagerFactory for persistence unit 'default'"}
{"timestamp":"2025-04-02 06:44:26", "level":"WARN", "logger":"org.springframework.boot.autoconfigure.orm.jpa.JpaBaseConfiguration$JpaWebConfiguration", "message":"spring.jpa.open-in-view is enabled by default. Therefore, database queries may be performed during view rendering. Explicitly configure spring.jpa.open-in-view to disable this warning"}
{"timestamp":"2025-04-02 06:44:27", "level":"INFO", "logger":"org.springframework.boot.autoconfigure.h2.H2ConsoleAutoConfiguration", "message":"H2 console available at '/h2-console'. Database available at 'jdbc:h2:mem:testdb'"}
{"timestamp":"2025-04-02 06:44:27", "level":"INFO", "logger":"org.apache.coyote.http11.Http11NioProtocol", "message":"Starting ProtocolHandler ["http-nio-9191"]"}
{"timestamp":"2025-04-02 06:44:27", "level":"INFO", "logger":"org.springframework.boot.web.embedded.tomcat.TomcatWebServer", "message":"Tomcat started on port 9191 (http) with context path '/'"}
{"timestamp":"2025-04-02 06:44:27", "level":"INFO", "logger":"com.example.demo.DemoApplication", "message":"Started DemoApplication in 3.417 seconds (process running for 3.673)"}
{"timestamp":"2025-04-02 06:44:52", "level":"INFO", "logger":"org.apache.catalina.core.ContainerBase.[Tomcat].[localhost].[/]", "message":"Initializing Spring DispatcherServlet 'dispatcherServlet'"}
{"timestamp":"2025-04-02 06:44:52", "level":"INFO", "logger":"org.springframework.web.servlet.DispatcherServlet", "message":"Initializing Servlet 'dispatcherServlet'"}
{"timestamp":"2025-04-02 06:44:52", "level":"INFO", "logger":"org.springframework.web.servlet.DispatcherServlet", "message":"Completed initialization in 1 ms"}
{"timestamp":"2025-04-02 06:44:52", "level":"INFO", "logger":"com.example.demo.LogController", "message":"INFO: Test log message"}
{"timestamp":"2025-04-02 06:44:52", "level":"WARN", "logger":"com.example.demo.LogController", "message":"WARN: Test warning message"}
{"timestamp":"2025-04-02 06:44:52", "level":"ERROR", "logger":"com.example.demo.LogController", "message":"ERROR: Test error message"}
{"timestamp":"2025-04-02 06:45:52", "level":"INFO", "logger":"org.springframework.boot.web.embedded.tomcat.GracefulShutdown", "message":"Commencing graceful shutdown. Waiting for active requests to complete"}
{"timestamp":"2025-04-02 06:45:52", "level":"INFO", "logger":"org.springframework.boot.web.embedded.tomcat.GracefulShutdown", "message":"Graceful shutdown complete"}
{"timestamp":"2025-04-02 06:45:52", "level":"INFO", "logger":"org.springframework.orm.jpa.LocalContainerEntityManagerFactoryBean", "message":"Closing JPA EntityManagerFactory for persistence unit 'default'"}
{"timestamp":"2025-04-02 06:45:52", "level":"INFO", "logger":"com.zaxxer.hikari.HikariDataSource", "message":"HikariPool-1 - Shutdown initiated..."}
{"timestamp":"2025-04-02 06:45:52", "level":"INFO", "logger":"com.zaxxer.hikari.HikariDataSource", "message":"HikariPool-1 - Shutdown completed."}
